{
  message: 'database connected',
  level: 'info',
  service: 'user-service',
  label: 'HI',
  timestamp: '2023-06-16T03:01:18.260Z'
}
{
  message: 'listening on port 5000',
  level: 'info',
  service: 'user-service',
  label: 'HI',
  timestamp: '2023-06-16T03:01:18.267Z'
}
{
  message: 'database connected',
  level: 'info',
  service: 'user-service',
  label: 'HI',
  timestamp: '2023-06-16T03:03:13.842Z'
}
{
  message: 'listening on port 5000',
  level: 'info',
  service: 'user-service',
  label: 'HI',
  timestamp: '2023-06-16T03:03:13.849Z'
}
{
  message: 'database connected',
  level: 'info',
  service: 'user-service',
  label: 'HI',
  timestamp: '2023-06-16T03:04:54.752Z'
}
{
  message: 'listening on port 5000',
  level: 'info',
  service: 'user-service',
  label: 'HI',
  timestamp: '2023-06-16T03:04:54.758Z'
}
{
  message: 'database connected',
  level: 'info',
  service: 'user-service',
  label: 'HI',
  timestamp: '2023-06-16T03:07:07.524Z'
}
{
  message: 'listening on port 5000',
  level: 'info',
  service: 'user-service',
  label: 'HI',
  timestamp: '2023-06-16T03:07:07.530Z'
}
{
  message: 'database connected',
  level: 'info',
  service: 'user-service',
  label: 'HI',
  timestamp: '2023-06-16T03:08:17.869Z'
}
{
  message: 'listening on port 5000',
  level: 'info',
  service: 'user-service',
  label: 'HI',
  timestamp: '2023-06-16T03:08:17.876Z'
}
{
  message: 'database connected',
  level: 'info',
  service: 'user-service',
  label: 'HI',
  timestamp: '2023-06-16T03:10:02.312Z'
}
{
  message: 'listening on port 5000',
  level: 'info',
  service: 'user-service',
  label: 'HI',
  timestamp: '2023-06-16T03:10:02.320Z'
}
{
  message: 'database connected',
  level: 'info',
  service: 'user-service',
  label: 'HI',
  timestamp: '2023-06-16T03:21:23.726Z'
}
{
  message: 'listening on port 5000',
  level: 'info',
  service: 'user-service',
  label: 'HI',
  timestamp: '2023-06-16T03:21:23.732Z'
}
