{"level":"info","message":"database connected","service":"user-service"}
{"level":"info","message":"listening on port 5000","service":"user-service"}
{"level":"info","message":"database connected","service":"user-service"}
{"level":"info","message":"listening on port 5000","service":"user-service"}
{"level":"info","message":"database connected","service":"user-service"}
{"level":"info","message":"listening on port 5000","service":"user-service"}
2023-06-03T04:17:43.348Z [right meow!] info: database connected
2023-06-03T04:17:43.352Z [right meow!] info: listening on port 5000
2023-06-03T04:18:38.951Z [HI] info: database connected
2023-06-03T04:18:38.955Z [HI] info: listening on port 5000
Sat Jun 03 2023 10:20:24 GMT+0600 (Bangladesh Standard Time) 10:20:24 [HI] info: database connected
Sat Jun 03 2023 10:20:24 GMT+0600 (Bangladesh Standard Time) 10:20:24 [HI] info: listening on port 5000
{
  message: 'database connected',
  level: 'info',
  service: 'user-service',
  label: 'HI',
  timestamp: '2023-06-03T04:21:21.106Z'
}
{
  message: 'listening on port 5000',
  level: 'info',
  service: 'user-service',
  label: 'HI',
  timestamp: '2023-06-03T04:21:21.113Z'
}
{
  message: 'database connected',
  level: 'info',
  service: 'user-service',
  label: 'HI',
  timestamp: '2023-06-03T04:21:33.361Z'
}
{
  message: 'listening on port 5000',
  level: 'info',
  service: 'user-service',
  label: 'HI',
  timestamp: '2023-06-03T04:21:33.367Z'
}
